2021-06-23 21:20:00,429 INFO  [com.trade.store.dao.daoImpl.TradeStoreDaoImpl]  - TradeStoreDaoImpl.isStoreActive started..StoreId 'ST4545' SQL [select *  from TRADE_STORE_SCHEMA.TRADE_STORE where STORE_ID = ?]
2021-06-23 21:20:00,555 ERROR [com.trade.store.service.serviceImpl.TradeStoreServiceImpl]  - ERROR_CODE=INACTIVE_STORE Store Found storeId 'ST4545' but it is not active. Trades transmission can not be done on this store.
2021-06-23 21:20:00,560 INFO  [com.trade.store.dao.daoImpl.TradeStoreDaoImpl]  - TradeStoreDaoImpl.isStoreActive started..StoreId 'ST1111' SQL [select *  from TRADE_STORE_SCHEMA.TRADE_STORE where STORE_ID = ?]
2021-06-23 21:20:00,564 INFO  [com.trade.store.service.serviceImpl.TradeStoreServiceImpl]  - StoreId 'ST1111' is Validated successfully..
2021-06-23 21:20:00,579 ERROR [com.trade.store.service.serviceImpl.TradeStoreServiceImpl]  - ERROR_CODE=INVALID_MATURITY_DATE Input Trade 'T5' is already matured on (Mon Jun 21 21:20:00 IST 2021). So Its Trading is not allowed.
2021-06-23 21:20:00,583 INFO  [com.trade.store.dao.daoImpl.TradeStoreDaoImpl]  - TradeStoreDaoImpl.isStoreActive started..StoreId 'ST1111' SQL [select *  from TRADE_STORE_SCHEMA.TRADE_STORE where STORE_ID = ?]
2021-06-23 21:20:00,591 INFO  [com.trade.store.service.serviceImpl.TradeStoreServiceImpl]  - StoreId 'ST1111' is Validated successfully..
2021-06-23 21:20:00,592 INFO  [com.trade.store.dao.daoImpl.TradeStoreDaoImpl]  - TradeStoreDaoImpl.getTradeTxnDetailsByLatestVersion started..StoreId 'ST1111' tradeId 'T3' SQL [select * from(select * from TRADE_STORE_SCHEMA.TRADE_TXN where trade_id = ? and store_id = ? and STATUS_BY_STORE = 'A' order by version desc ) where rownum=1]
2021-06-23 21:20:00,711 INFO  [com.trade.store.service.serviceImpl.TradeStoreServiceImpl]  - StoreId 'ST1111'  TradeId 'T3' ' versionNumberInput '1' ' versionNumberLatest '3'  This Trade will be rejected by store.
2021-06-23 21:20:00,716 INFO  [com.trade.store.dao.daoImpl.TradeStoreDaoImpl]  - TradeStoreDaoImpl.insertTradeTxn Finised..Num of Row Inserted '1' StoreId 'ST1111' tradeId 'T3' SQL [select *  from TRADE_STORE_SCHEMA.TRADE_STORE where STORE_ID = ?]
2021-06-23 21:20:00,718 INFO  [com.trade.store.dao.daoImpl.TradeStoreDaoImpl]  - TradeStoreDaoImpl.isStoreActive started..StoreId 'ST1111' SQL [select *  from TRADE_STORE_SCHEMA.TRADE_STORE where STORE_ID = ?]
2021-06-23 21:20:00,721 INFO  [com.trade.store.service.serviceImpl.TradeStoreServiceImpl]  - StoreId 'ST1111' is Validated successfully..
2021-06-23 21:20:00,722 INFO  [com.trade.store.dao.daoImpl.TradeStoreDaoImpl]  - TradeStoreDaoImpl.getTradeTxnDetailsByLatestVersion started..StoreId 'ST1111' tradeId 'T3' SQL [select * from(select * from TRADE_STORE_SCHEMA.TRADE_TXN where trade_id = ? and store_id = ? and STATUS_BY_STORE = 'A' order by version desc ) where rownum=1]
2021-06-23 21:20:00,726 INFO  [com.trade.store.service.serviceImpl.TradeStoreServiceImpl]  - StoreId 'ST1111'  TradeId 'T3' ' versionNumberInput '3' ' versionNumberLatest '3'  This Trade will be updated on existing version.
2021-06-23 21:20:00,729 INFO  [com.trade.store.dao.daoImpl.TradeStoreDaoImpl]  - TradeStoreDaoImpl.insertTradeTxn Finised..Num of Row Inserted '1' StoreId 'ST1111' tradeId 'T3' SQL [select *  from TRADE_STORE_SCHEMA.TRADE_STORE where STORE_ID = ?]
2021-06-23 21:20:00,729 INFO  [com.trade.store.service.serviceImpl.TradeStoreServiceImpl]  - Input Trade 'T3' is successfully accepted by StoreId 'ST1111'
2021-06-23 21:20:00,731 INFO  [com.trade.store.dao.daoImpl.TradeStoreDaoImpl]  - TradeStoreDaoImpl.isStoreActive started..StoreId 'XYD11SS' SQL [select *  from TRADE_STORE_SCHEMA.TRADE_STORE where STORE_ID = ?]
2021-06-23 21:20:00,734 INFO  [com.trade.store.service.serviceImpl.TradeStoreServiceImpl]  - StoreId 'XYD11SS' is Validated successfully..
2021-06-23 21:20:00,734 INFO  [com.trade.store.dao.daoImpl.TradeStoreDaoImpl]  - TradeStoreDaoImpl.getTradeTxnDetailsByLatestVersion started..StoreId 'XYD11SS' tradeId 'T3' SQL [select * from(select * from TRADE_STORE_SCHEMA.TRADE_TXN where trade_id = ? and store_id = ? and STATUS_BY_STORE = 'A' order by version desc ) where rownum=1]
2021-06-23 21:20:00,738 INFO  [com.trade.store.service.serviceImpl.TradeStoreServiceImpl]  - StoreId 'XYD11SS'  TradeId 'T3' ' versionNumberInput '3' ' versionNumberLatest '3'  This Trade will be updated on existing version.
2021-06-23 21:20:00,740 INFO  [com.trade.store.dao.daoImpl.TradeStoreDaoImpl]  - TradeStoreDaoImpl.insertTradeTxn Finised..Num of Row Inserted '1' StoreId 'XYD11SS' tradeId 'T3' SQL [select *  from TRADE_STORE_SCHEMA.TRADE_STORE where STORE_ID = ?]
2021-06-23 21:20:00,741 INFO  [com.trade.store.service.serviceImpl.TradeStoreServiceImpl]  - Input Trade 'T3' is successfully accepted by StoreId 'XYD11SS'
2021-06-23 21:21:41,352 INFO  [com.trade.store.dao.daoImpl.TradeStoreDaoImpl]  - TradeStoreDaoImpl.isStoreActive started..StoreId 'ST4545' SQL [select *  from TRADE_STORE_SCHEMA.TRADE_STORE where STORE_ID = ?]
2021-06-23 21:21:41,539 ERROR [com.trade.store.service.serviceImpl.TradeStoreServiceImpl]  - ERROR_CODE=INACTIVE_STORE Store Found storeId 'ST4545' but it is not active. Trades transmission can not be done on this store.
2021-06-23 21:21:41,544 INFO  [com.trade.store.dao.daoImpl.TradeStoreDaoImpl]  - TradeStoreDaoImpl.isStoreActive started..StoreId 'ST1111' SQL [select *  from TRADE_STORE_SCHEMA.TRADE_STORE where STORE_ID = ?]
2021-06-23 21:21:41,551 INFO  [com.trade.store.service.serviceImpl.TradeStoreServiceImpl]  - StoreId 'ST1111' is Validated successfully..
2021-06-23 21:21:41,563 ERROR [com.trade.store.service.serviceImpl.TradeStoreServiceImpl]  - ERROR_CODE=INVALID_MATURITY_DATE Input Trade 'T5' is already matured on (Mon Jun 21 21:21:41 IST 2021). So Its Trading is not allowed.
2021-06-23 21:21:41,568 INFO  [com.trade.store.dao.daoImpl.TradeStoreDaoImpl]  - TradeStoreDaoImpl.isStoreActive started..StoreId 'ST1111' SQL [select *  from TRADE_STORE_SCHEMA.TRADE_STORE where STORE_ID = ?]
2021-06-23 21:21:41,576 INFO  [com.trade.store.service.serviceImpl.TradeStoreServiceImpl]  - StoreId 'ST1111' is Validated successfully..
2021-06-23 21:21:41,577 INFO  [com.trade.store.dao.daoImpl.TradeStoreDaoImpl]  - TradeStoreDaoImpl.getTradeTxnDetailsByLatestVersion started..StoreId 'ST1111' tradeId 'T3' SQL [select * from(select * from TRADE_STORE_SCHEMA.TRADE_TXN where trade_id = ? and store_id = ? and STATUS_BY_STORE = 'A' order by version desc ) where rownum=1]
2021-06-23 21:21:41,723 INFO  [com.trade.store.service.serviceImpl.TradeStoreServiceImpl]  - StoreId 'ST1111'  TradeId 'T3' ' versionNumberInput '1' ' versionNumberLatest '3'  This Trade will be rejected by store.
2021-06-23 21:21:41,737 INFO  [com.trade.store.dao.daoImpl.TradeStoreDaoImpl]  - TradeStoreDaoImpl.insertTradeTxn Finised..Num of Row Inserted '1' StoreId 'ST1111' tradeId 'T3' SQL [select *  from TRADE_STORE_SCHEMA.TRADE_STORE where STORE_ID = ?]
2021-06-23 21:21:41,748 INFO  [com.trade.store.dao.daoImpl.TradeStoreDaoImpl]  - TradeStoreDaoImpl.isStoreActive started..StoreId 'ST1111' SQL [select *  from TRADE_STORE_SCHEMA.TRADE_STORE where STORE_ID = ?]
2021-06-23 21:21:41,771 INFO  [com.trade.store.service.serviceImpl.TradeStoreServiceImpl]  - StoreId 'ST1111' is Validated successfully..
2021-06-23 21:21:41,771 INFO  [com.trade.store.dao.daoImpl.TradeStoreDaoImpl]  - TradeStoreDaoImpl.getTradeTxnDetailsByLatestVersion started..StoreId 'ST1111' tradeId 'T3' SQL [select * from(select * from TRADE_STORE_SCHEMA.TRADE_TXN where trade_id = ? and store_id = ? and STATUS_BY_STORE = 'A' order by version desc ) where rownum=1]
2021-06-23 21:21:41,789 INFO  [com.trade.store.service.serviceImpl.TradeStoreServiceImpl]  - StoreId 'ST1111'  TradeId 'T3' ' versionNumberInput '3' ' versionNumberLatest '3'  This Trade will be updated on existing version.
2021-06-23 21:21:41,856 INFO  [com.trade.store.dao.daoImpl.TradeStoreDaoImpl]  - TradeStoreDaoImpl.insertTradeTxn Finised..Num of Row Inserted '1' StoreId 'ST1111' tradeId 'T3' SQL [select *  from TRADE_STORE_SCHEMA.TRADE_STORE where STORE_ID = ?]
2021-06-23 21:21:41,856 INFO  [com.trade.store.service.serviceImpl.TradeStoreServiceImpl]  - Input Trade 'T3' is successfully accepted by StoreId 'ST1111'
2021-06-23 21:21:41,859 INFO  [com.trade.store.dao.daoImpl.TradeStoreDaoImpl]  - TradeStoreDaoImpl.isStoreActive started..StoreId 'XYD11SS' SQL [select *  from TRADE_STORE_SCHEMA.TRADE_STORE where STORE_ID = ?]
2021-06-23 21:21:41,864 INFO  [com.trade.store.service.serviceImpl.TradeStoreServiceImpl]  - StoreId 'XYD11SS' is Validated successfully..
2021-06-23 21:21:41,864 INFO  [com.trade.store.dao.daoImpl.TradeStoreDaoImpl]  - TradeStoreDaoImpl.getTradeTxnDetailsByLatestVersion started..StoreId 'XYD11SS' tradeId 'T3' SQL [select * from(select * from TRADE_STORE_SCHEMA.TRADE_TXN where trade_id = ? and store_id = ? and STATUS_BY_STORE = 'A' order by version desc ) where rownum=1]
2021-06-23 21:21:41,872 INFO  [com.trade.store.service.serviceImpl.TradeStoreServiceImpl]  - StoreId 'XYD11SS'  TradeId 'T3' ' versionNumberInput '3' ' versionNumberLatest '3'  This Trade will be updated on existing version.
2021-06-23 21:21:41,878 INFO  [com.trade.store.dao.daoImpl.TradeStoreDaoImpl]  - TradeStoreDaoImpl.insertTradeTxn Finised..Num of Row Inserted '1' StoreId 'XYD11SS' tradeId 'T3' SQL [select *  from TRADE_STORE_SCHEMA.TRADE_STORE where STORE_ID = ?]
2021-06-23 21:21:41,878 INFO  [com.trade.store.service.serviceImpl.TradeStoreServiceImpl]  - Input Trade 'T3' is successfully accepted by StoreId 'XYD11SS'
